x_index        y_index        z_index      Dose (Gy)
0              0              0    4.53653e-06
1              0              0    4.63829e-06
2              0              0    4.66372e-06
3              0              0    4.68297e-06
4              0              0    4.71037e-06
5              0              0    4.73434e-06
6              0              0    4.74423e-06
7              0              0    4.77626e-06
8              0              0    4.80528e-06
9              0              0    4.81087e-06
10              0              0    4.85434e-06
11              0              0    4.85966e-06
12              0              0    4.90934e-06
13              0              0    4.91756e-06
14              0              0    4.94601e-06
15              0              0    4.97113e-06
16              0              0    5.00828e-06
17              0              0    5.04282e-06
18              0              0    5.06987e-06
19              0              0    5.10627e-06
20              0              0    5.13762e-06
21              0              0    5.16751e-06
22              0              0    5.19867e-06
23              0              0    5.23693e-06
24              0              0    5.26903e-06
25              0              0    5.30124e-06
26              0              0    5.35811e-06
27              0              0    5.39697e-06
28              0              0    5.42008e-06
29              0              0    5.48156e-06
30              0              0    5.52645e-06
31              0              0    5.57069e-06
32              0              0    5.63737e-06
33              0              0    5.69354e-06
34              0              0    5.73689e-06
35              0              0    5.79153e-06
36              0              0    5.86983e-06
37              0              0    5.94374e-06
38              0              0    6.00208e-06
39              0              0    6.08818e-06
40              0              0    6.15395e-06
41              0              0    6.24403e-06
42              0              0    6.33781e-06
43              0              0    6.42257e-06
44              0              0    6.53668e-06
45              0              0    6.65801e-06
46              0              0    6.80382e-06
47              0              0    6.92935e-06
48              0              0     7.0894e-06
49              0              0    7.21399e-06
50              0              0    7.38804e-06
51              0              0    7.58611e-06
52              0              0    7.78645e-06
53              0              0    8.03066e-06
54              0              0      8.308e-06
55              0              0     8.6114e-06
56              0              0    8.98766e-06
57              0              0    9.39803e-06
58              0              0    9.90082e-06
59              0              0    1.05371e-05
60              0              0    1.13202e-05
61              0              0    1.23092e-05
62              0              0    1.36644e-05
63              0              0    1.57898e-05
64              0              0     2.0661e-05
65              0              0    2.47063e-05
66              0              0    1.90451e-06
67              0              0    1.66292e-06
68              0              0    1.52156e-06
69              0              0    1.41798e-06
70              0              0    1.31742e-06
71              0              0     1.1978e-06
72              0              0     1.0849e-06
73              0              0    1.01614e-06
74              0              0    9.33648e-07
75              0              0    8.68353e-07
76              0              0    8.12768e-07
77              0              0    7.55813e-07
78              0              0    6.71966e-07
79              0              0    6.10284e-07
80              0              0    5.74663e-07
81              0              0    5.38739e-07
82              0              0    5.24817e-07
83              0              0    4.88245e-07
84              0              0    4.44851e-07
85              0              0      4.176e-07
86              0              0    3.87756e-07
87              0              0    3.73297e-07
88              0              0     3.7589e-07
89              0              0    3.60808e-07
90              0              0    3.45006e-07
91              0              0    3.37855e-07
92              0              0    3.17128e-07
93              0              0    3.01318e-07
94              0              0    2.83081e-07
95              0              0    2.81708e-07
96              0              0    2.77749e-07
97              0              0    2.63271e-07
98              0              0    2.57337e-07
99              0              0    2.54511e-07
100              0              0    2.45621e-07
101              0              0     2.3993e-07
102              0              0    2.41514e-07
103              0              0    2.30845e-07
104              0              0    2.27314e-07
105              0              0    2.20976e-07
106              0              0    2.12221e-07
107              0              0    2.04196e-07
108              0              0    2.03462e-07
109              0              0    2.02991e-07
110              0              0     1.9747e-07
111              0              0    1.89539e-07
112              0              0    1.87003e-07
113              0              0     1.8833e-07
114              0              0    1.84372e-07
115              0              0    1.80564e-07
116              0              0    1.74862e-07
117              0              0    1.74726e-07
118              0              0    1.70088e-07
119              0              0    1.69366e-07
120              0              0    1.62339e-07
121              0              0    1.61594e-07
122              0              0    1.65809e-07
123              0              0    1.60143e-07
124              0              0     1.5815e-07
125              0              0    1.58159e-07
126              0              0     1.5183e-07
127              0              0    1.46376e-07
128              0              0    1.45947e-07
129              0              0    1.44105e-07
130              0              0    1.43327e-07
131              0              0    1.42677e-07
132              0              0    1.37812e-07
133              0              0    1.39424e-07
134              0              0     1.3572e-07
135              0              0     1.3482e-07
136              0              0    1.35024e-07
137              0              0    1.27351e-07
138              0              0    1.29451e-07
139              0              0    1.28441e-07
140              0              0    1.27065e-07
141              0              0    1.27852e-07
142              0              0    1.22892e-07
143              0              0    1.20633e-07
144              0              0    1.21324e-07
145              0              0     1.2157e-07
146              0              0    1.24931e-07
147              0              0     1.2414e-07
148              0              0    1.19159e-07
149              0              0    1.16405e-07
150              0              0    1.15535e-07
151              0              0    1.16658e-07
152              0              0    1.11673e-07
153              0              0    1.09204e-07
154              0              0    1.11083e-07
155              0              0     1.0496e-07
156              0              0    1.03433e-07
157              0              0    1.01413e-07
158              0              0     1.0339e-07
159              0              0    1.02219e-07
160              0              0    1.01733e-07
161              0              0    9.61499e-08
162              0              0    9.81558e-08
163              0              0     9.2294e-08
164              0              0    9.27581e-08
165              0              0    9.42065e-08
166              0              0    9.27806e-08
167              0              0    9.06407e-08
168              0              0    9.30731e-08
169              0              0    8.97149e-08
170              0              0     8.6274e-08
171              0              0    8.49459e-08
172              0              0    8.28298e-08
173              0              0    8.23646e-08
174              0              0    7.88741e-08
175              0              0    7.78088e-08
176              0              0    7.77651e-08
177              0              0    7.71353e-08
178              0              0     7.7883e-08
179              0              0    7.48777e-08
180              0              0    7.47734e-08
181              0              0    7.35162e-08
182              0              0     7.1448e-08
183              0              0    7.07696e-08
184              0              0    7.32933e-08
185              0              0     6.9011e-08
186              0              0    6.88704e-08
187              0              0    6.63357e-08
188              0              0    6.64816e-08
189              0              0    6.30446e-08
190              0              0    6.39656e-08
191              0              0    6.27242e-08
192              0              0    6.27104e-08
193              0              0     6.2974e-08
194              0              0    6.06211e-08
195              0              0    6.26366e-08
196              0              0    6.18754e-08
197              0              0    5.94896e-08
198              0              0    5.57733e-08
199              0              0    5.54687e-08
200              0              0    5.47624e-08
201              0              0    5.58726e-08
202              0              0    5.48305e-08
203              0              0    5.23437e-08
204              0              0    5.13866e-08
205              0              0    5.02888e-08
206              0              0    4.91804e-08
207              0              0    4.67618e-08
208              0              0    4.73181e-08
209              0              0    4.66287e-08
210              0              0    4.44701e-08
211              0              0    4.34971e-08
212              0              0    4.24885e-08
213              0              0     4.3798e-08
214              0              0    4.50718e-08
215              0              0    4.53842e-08
216              0              0    4.66703e-08
217              0              0    4.34818e-08
218              0              0    4.35446e-08
219              0              0    4.27119e-08
220              0              0    4.38412e-08
221              0              0      4.157e-08
222              0              0    4.16971e-08
223              0              0    4.19046e-08
224              0              0    3.92133e-08
225              0              0    3.62642e-08
226              0              0    3.43379e-08
227              0              0     3.4928e-08
228              0              0    3.36391e-08
229              0              0     3.4542e-08
230              0              0    3.52009e-08
231              0              0    3.08827e-08
232              0              0    3.10331e-08
233              0              0    3.12975e-08
234              0              0    3.01518e-08
235              0              0    2.87171e-08
236              0              0    2.85304e-08
237              0              0    2.72648e-08
238              0              0    2.75025e-08
239              0              0    2.66042e-08
240              0              0    2.71842e-08
241              0              0    2.71051e-08
242              0              0    2.51554e-08
243              0              0    2.51274e-08
244              0              0    2.58145e-08
245              0              0    2.44355e-08
246              0              0    2.46778e-08
247              0              0    2.53039e-08
248              0              0    2.34461e-08
249              0              0    2.33285e-08
250              0              0    2.29324e-08
251              0              0    2.42203e-08
252              0              0    1.98604e-08
253              0              0    1.86888e-08
254              0              0    1.94462e-08
255              0              0    2.15016e-08
256              0              0     2.0434e-08
257              0              0    2.19028e-08
258              0              0    2.04447e-08
259              0              0    1.95606e-08
260              0              0    2.11532e-08
261              0              0    1.80216e-08
262              0              0    1.78147e-08
263              0              0    1.60583e-08
264              0              0    1.58864e-08
265              0              0     1.6046e-08
266              0              0    1.69159e-08
267              0              0      1.643e-08
268              0              0    1.54724e-08
269              0              0    1.82414e-08
270              0              0    1.69391e-08
271              0              0    1.35644e-08
272              0              0    1.36178e-08
273              0              0    1.49924e-08
274              0              0    1.42622e-08
275              0              0    1.32624e-08
276              0              0    1.43991e-08
277              0              0    1.37096e-08
278              0              0    1.47735e-08
279              0              0    1.40773e-08
280              0              0    1.28142e-08
281              0              0    1.22547e-08
282              0              0    1.23184e-08
283              0              0    1.21322e-08
284              0              0    1.26294e-08
285              0              0    1.26377e-08
286              0              0    1.14323e-08
287              0              0    1.07189e-08
288              0              0    1.16095e-08
289              0              0    1.23233e-08
290              0              0    1.13532e-08
291              0              0    1.12985e-08
292              0              0    1.10174e-08
293              0              0    1.19653e-08
294              0              0    1.13183e-08
295              0              0    1.05509e-08
296              0              0    9.00075e-09
297              0              0    8.58862e-09
298              0              0    9.28263e-09
299              0              0    8.65905e-09
300              0              0    9.42072e-09
301              0              0     8.9929e-09
302              0              0    8.28256e-09
303              0              0    8.59886e-09
304              0              0    8.63368e-09
305              0              0    8.34167e-09
306              0              0    7.86758e-09
307              0              0    8.27501e-09
308              0              0    8.13496e-09
309              0              0    8.49594e-09
310              0              0    9.16908e-09
311              0              0    9.03663e-09
312              0              0    7.72275e-09
313              0              0    8.15818e-09
314              0              0     8.0196e-09
315              0              0    7.13224e-09
316              0              0    6.43874e-09
317              0              0    6.24965e-09
318              0              0    6.07931e-09
319              0              0     6.6071e-09
320              0              0    5.99888e-09
321              0              0    6.48508e-09
322              0              0    6.40423e-09
323              0              0    6.35671e-09
324              0              0    5.95676e-09
325              0              0    5.58546e-09
326              0              0    5.10181e-09
327              0              0    5.52576e-09
328              0              0    5.33813e-09
329              0              0    5.47852e-09
330              0              0    6.46499e-09
331              0              0    5.08669e-09
332              0              0    4.74372e-09
333              0              0    5.24339e-09
334              0              0    4.05239e-09
335              0              0    3.99139e-09
336              0              0    4.36777e-09
337              0              0    4.16812e-09
338              0              0     3.6052e-09
339              0              0    3.46833e-09
340              0              0    4.07233e-09
341              0              0    3.68941e-09
342              0              0     3.3436e-09
343              0              0    3.04083e-09
344              0              0     3.1219e-09
345              0              0    3.60314e-09
346              0              0    4.15746e-09
347              0              0    3.44727e-09
348              0              0    3.15034e-09
349              0              0    3.41359e-09
350              0              0    3.07942e-09
351              0              0    2.76073e-09
352              0              0    2.68199e-09
353              0              0    2.82239e-09
354              0              0    3.11464e-09
355              0              0    2.87414e-09
356              0              0    2.80355e-09
357              0              0    2.57084e-09
358              0              0    2.59649e-09
359              0              0    2.46262e-09
360              0              0    3.25242e-09
361              0              0    2.86881e-09
362              0              0    2.64818e-09
363              0              0    3.07254e-09
364              0              0     3.3012e-09
365              0              0    3.11931e-09
366              0              0    2.82604e-09
367              0              0    2.42831e-09
368              0              0    2.64005e-09
369              0              0    2.28619e-09
370              0              0    2.39311e-09
371              0              0    2.15756e-09
372              0              0    2.27644e-09
373              0              0    2.28139e-09
374              0              0    2.21186e-09
375              0              0    2.07391e-09
376              0              0    2.14854e-09
377              0              0    2.34105e-09
378              0              0    2.05783e-09
379              0              0    2.22307e-09
380              0              0    2.19689e-09
381              0              0    2.29424e-09
382              0              0    2.53845e-09
383              0              0      3.503e-09
384              0              0    1.90872e-09
385              0              0     1.7763e-09
386              0              0    1.85021e-09
387              0              0    1.89851e-09
388              0              0    2.13292e-09
389              0              0    2.04162e-09
390              0              0    1.69907e-09
391              0              0    1.56145e-09
392              0              0    1.85261e-09
393              0              0    1.88571e-09
394              0              0    1.76388e-09
395              0              0    1.57559e-09
396              0              0    1.59491e-09
397              0              0    1.66938e-09
398              0              0     1.8911e-09
399              0              0     1.7573e-09
