x_index        y_index        z_index      Dose (Gy)
0              0              0    7.07932e-05
1              0              0    7.23511e-05
2              0              0    7.27582e-05
3              0              0    7.32216e-05
4              0              0    7.36045e-05
5              0              0    7.39917e-05
6              0              0     7.4485e-05
7              0              0    7.49583e-05
8              0              0    7.54132e-05
9              0              0    7.59086e-05
10              0              0    7.64426e-05
11              0              0    7.69941e-05
12              0              0    7.75006e-05
13              0              0    7.80935e-05
14              0              0    7.87384e-05
15              0              0    7.93768e-05
16              0              0     8.0047e-05
17              0              0    8.07013e-05
18              0              0    8.14457e-05
19              0              0    8.21818e-05
20              0              0     8.2965e-05
21              0              0    8.37359e-05
22              0              0    8.46154e-05
23              0              0     8.5564e-05
24              0              0    8.65301e-05
25              0              0    8.75532e-05
26              0              0    8.86628e-05
27              0              0    8.98424e-05
28              0              0    9.11259e-05
29              0              0    9.24846e-05
30              0              0    9.38974e-05
31              0              0    9.54653e-05
32              0              0    9.72135e-05
33              0              0    9.90385e-05
34              0              0    0.000101097
35              0              0    0.000103318
36              0              0    0.000105775
37              0              0    0.000108417
38              0              0    0.000111416
39              0              0    0.000114696
40              0              0    0.000118317
41              0              0    0.000122511
42              0              0    0.000127297
43              0              0    0.000132743
44              0              0    0.000139129
45              0              0    0.000146931
46              0              0    0.000156401
47              0              0    0.000167804
48              0              0    0.000183221
49              0              0    0.000204843
50              0              0    0.000237729
51              0              0     0.00031659
52              0              0    0.000321948
53              0              0    2.50504e-05
54              0              0    2.14579e-05
55              0              0    1.89736e-05
56              0              0    1.66652e-05
57              0              0    1.47986e-05
58              0              0    1.31144e-05
59              0              0    1.18603e-05
60              0              0    1.06578e-05
61              0              0    9.64191e-06
62              0              0    8.82818e-06
63              0              0      8.276e-06
64              0              0    7.61476e-06
65              0              0    7.11231e-06
66              0              0    6.68426e-06
67              0              0    6.21389e-06
68              0              0    5.86243e-06
69              0              0    5.63548e-06
70              0              0    5.27181e-06
71              0              0    5.03093e-06
72              0              0     4.7632e-06
73              0              0    4.41027e-06
74              0              0    4.20795e-06
75              0              0    4.00735e-06
76              0              0    3.79241e-06
77              0              0    3.66884e-06
78              0              0     3.5016e-06
79              0              0    3.35388e-06
80              0              0    3.18504e-06
81              0              0    3.04814e-06
82              0              0    2.96254e-06
83              0              0    2.87283e-06
84              0              0    2.75319e-06
85              0              0    2.66636e-06
86              0              0    2.61747e-06
87              0              0    2.51662e-06
88              0              0    2.46867e-06
89              0              0    2.40776e-06
90              0              0    2.35978e-06
91              0              0    2.28716e-06
92              0              0     2.2129e-06
93              0              0    2.17359e-06
94              0              0    2.14852e-06
95              0              0    2.09633e-06
96              0              0    2.04887e-06
97              0              0    2.00588e-06
98              0              0    1.96661e-06
99              0              0    1.95757e-06
100              0              0    1.89751e-06
101              0              0    1.88517e-06
102              0              0    1.86795e-06
103              0              0    1.82241e-06
104              0              0     1.7963e-06
105              0              0    1.75737e-06
106              0              0    1.75321e-06
107              0              0    1.72597e-06
108              0              0    1.70052e-06
109              0              0    1.67578e-06
110              0              0    1.66022e-06
111              0              0    1.64031e-06
112              0              0     1.6257e-06
113              0              0    1.58497e-06
114              0              0    1.56358e-06
115              0              0    1.54017e-06
116              0              0    1.52028e-06
117              0              0    1.49976e-06
118              0              0    1.48044e-06
119              0              0    1.45003e-06
120              0              0    1.42249e-06
121              0              0    1.42468e-06
122              0              0    1.40445e-06
123              0              0    1.39562e-06
124              0              0    1.38126e-06
125              0              0    1.35278e-06
126              0              0    1.34004e-06
127              0              0    1.32039e-06
128              0              0     1.3032e-06
129              0              0      1.291e-06
130              0              0     1.2787e-06
131              0              0    1.26248e-06
132              0              0    1.23071e-06
133              0              0    1.20982e-06
134              0              0    1.20622e-06
135              0              0    1.19051e-06
136              0              0    1.16674e-06
137              0              0    1.16151e-06
138              0              0    1.14349e-06
139              0              0    1.12939e-06
140              0              0    1.10778e-06
141              0              0     1.1046e-06
142              0              0    1.08718e-06
143              0              0    1.06924e-06
144              0              0    1.05498e-06
145              0              0     1.0462e-06
146              0              0    1.03528e-06
147              0              0     1.0277e-06
148              0              0    1.01677e-06
149              0              0    9.92777e-07
150              0              0    9.82728e-07
151              0              0    9.65195e-07
152              0              0     9.5316e-07
153              0              0    9.35043e-07
154              0              0    9.28696e-07
155              0              0    9.13567e-07
156              0              0    9.11248e-07
157              0              0    8.87521e-07
158              0              0    8.76967e-07
159              0              0    8.65282e-07
160              0              0    8.52916e-07
161              0              0    8.48744e-07
162              0              0    8.38768e-07
163              0              0    8.25764e-07
164              0              0    8.04889e-07
165              0              0    7.87026e-07
166              0              0    7.79625e-07
167              0              0    7.78133e-07
168              0              0    7.67769e-07
169              0              0    7.54254e-07
170              0              0    7.46613e-07
171              0              0    7.39708e-07
172              0              0    7.31658e-07
173              0              0    7.20716e-07
174              0              0    7.17299e-07
175              0              0    7.07824e-07
176              0              0    6.99329e-07
177              0              0    6.93218e-07
178              0              0    6.86033e-07
179              0              0    6.58839e-07
180              0              0    6.43593e-07
181              0              0    6.39005e-07
182              0              0    6.34741e-07
183              0              0    6.19513e-07
184              0              0    6.02948e-07
185              0              0    5.94072e-07
186              0              0     5.9125e-07
187              0              0    5.80222e-07
188              0              0    5.75695e-07
189              0              0    5.80755e-07
190              0              0    5.72686e-07
191              0              0    5.53817e-07
192              0              0    5.48612e-07
193              0              0    5.45029e-07
194              0              0     5.4128e-07
195              0              0    5.22212e-07
196              0              0    5.12359e-07
197              0              0    5.08135e-07
198              0              0    5.05394e-07
199              0              0    4.94249e-07
200              0              0    4.87751e-07
201              0              0    4.73748e-07
202              0              0    4.61723e-07
203              0              0    4.60532e-07
204              0              0    4.57753e-07
205              0              0    4.49548e-07
206              0              0    4.40503e-07
207              0              0    4.29305e-07
208              0              0    4.31924e-07
209              0              0    4.11742e-07
210              0              0     4.0509e-07
211              0              0    4.03457e-07
212              0              0    3.97715e-07
213              0              0    3.83167e-07
214              0              0    3.76714e-07
215              0              0    3.66405e-07
216              0              0     3.6541e-07
217              0              0    3.61762e-07
218              0              0    3.50563e-07
219              0              0    3.41128e-07
220              0              0    3.43396e-07
221              0              0    3.36383e-07
222              0              0    3.28038e-07
223              0              0    3.21883e-07
224              0              0     3.1222e-07
225              0              0    3.07333e-07
226              0              0    3.05839e-07
227              0              0    3.05814e-07
228              0              0    2.95802e-07
229              0              0    2.92627e-07
230              0              0     2.8591e-07
231              0              0    2.85822e-07
232              0              0    2.74467e-07
233              0              0    2.67872e-07
234              0              0    2.68076e-07
235              0              0    2.66974e-07
236              0              0    2.54461e-07
237              0              0     2.5314e-07
238              0              0    2.44918e-07
239              0              0    2.40493e-07
240              0              0    2.36691e-07
241              0              0      2.337e-07
242              0              0    2.32672e-07
243              0              0    2.30024e-07
244              0              0    2.27682e-07
245              0              0    2.25121e-07
246              0              0    2.14116e-07
247              0              0    2.11931e-07
248              0              0    2.07342e-07
249              0              0    2.00791e-07
250              0              0    1.96497e-07
251              0              0    1.91785e-07
252              0              0    1.87811e-07
253              0              0    1.83211e-07
254              0              0    1.81393e-07
255              0              0    1.82015e-07
256              0              0    1.76379e-07
257              0              0    1.71833e-07
258              0              0    1.70509e-07
259              0              0    1.65993e-07
260              0              0    1.60914e-07
261              0              0    1.59598e-07
262              0              0    1.62802e-07
263              0              0    1.56741e-07
264              0              0    1.57688e-07
265              0              0    1.52857e-07
266              0              0    1.51572e-07
267              0              0    1.46277e-07
268              0              0     1.4264e-07
269              0              0    1.40423e-07
270              0              0    1.36601e-07
271              0              0     1.3332e-07
272              0              0    1.28552e-07
273              0              0    1.28833e-07
274              0              0    1.27978e-07
275              0              0       1.26e-07
276              0              0    1.23537e-07
277              0              0    1.20174e-07
278              0              0    1.16879e-07
279              0              0    1.14787e-07
280              0              0     1.1086e-07
281              0              0    1.13255e-07
282              0              0    1.08586e-07
283              0              0    1.02346e-07
284              0              0    1.01078e-07
285              0              0    9.70869e-08
286              0              0    9.61033e-08
287              0              0     9.5606e-08
288              0              0    9.39973e-08
289              0              0    9.17757e-08
290              0              0    9.24023e-08
291              0              0    9.18217e-08
292              0              0     9.0881e-08
293              0              0     8.6416e-08
294              0              0    8.20164e-08
295              0              0    8.20692e-08
296              0              0    7.93813e-08
297              0              0    7.97587e-08
298              0              0    7.93747e-08
299              0              0    8.07338e-08
300              0              0    7.53322e-08
301              0              0     7.6077e-08
302              0              0    7.47972e-08
303              0              0    7.43008e-08
304              0              0    7.04511e-08
305              0              0    6.66271e-08
306              0              0    6.63552e-08
307              0              0    6.46707e-08
308              0              0    6.67343e-08
309              0              0    6.79594e-08
310              0              0    6.34313e-08
311              0              0    6.25811e-08
312              0              0    5.93598e-08
313              0              0    6.06161e-08
314              0              0    5.93691e-08
315              0              0    5.89425e-08
316              0              0    5.73796e-08
317              0              0    5.51512e-08
318              0              0    5.60039e-08
319              0              0    5.37352e-08
320              0              0    5.51266e-08
321              0              0    5.34613e-08
322              0              0    5.00885e-08
323              0              0    5.07346e-08
324              0              0    5.14197e-08
325              0              0    4.97983e-08
326              0              0     4.7231e-08
327              0              0    4.70807e-08
328              0              0    4.66394e-08
329              0              0    4.57056e-08
330              0              0    4.45668e-08
331              0              0    4.54862e-08
332              0              0    4.87577e-08
333              0              0    4.30747e-08
334              0              0    4.37549e-08
335              0              0    4.14685e-08
336              0              0    4.09718e-08
337              0              0    4.07623e-08
338              0              0    3.87901e-08
339              0              0    3.79404e-08
340              0              0    3.87221e-08
341              0              0    3.86328e-08
342              0              0    3.82423e-08
343              0              0    3.96268e-08
344              0              0    4.01858e-08
345              0              0    3.72596e-08
346              0              0     3.6049e-08
347              0              0    3.58873e-08
348              0              0    3.58021e-08
349              0              0    3.49455e-08
350              0              0     3.3094e-08
351              0              0    3.57728e-08
352              0              0     3.3926e-08
353              0              0    3.39213e-08
354              0              0    3.36556e-08
355              0              0    3.05636e-08
356              0              0    3.21176e-08
357              0              0    3.19009e-08
358              0              0    3.13927e-08
359              0              0    3.16334e-08
360              0              0    3.13933e-08
361              0              0    3.20956e-08
362              0              0     3.4897e-08
363              0              0    3.38478e-08
364              0              0    3.12991e-08
365              0              0    2.94086e-08
366              0              0    2.81954e-08
367              0              0    2.66125e-08
368              0              0    2.74232e-08
369              0              0    2.76137e-08
370              0              0    2.68088e-08
371              0              0    2.59538e-08
372              0              0    2.64076e-08
373              0              0    2.71428e-08
374              0              0    2.42725e-08
375              0              0    2.40538e-08
376              0              0    2.51817e-08
377              0              0    2.52452e-08
378              0              0    2.39747e-08
379              0              0    2.36655e-08
380              0              0    2.36044e-08
381              0              0    2.38467e-08
382              0              0     2.4613e-08
383              0              0     2.4932e-08
384              0              0    2.32153e-08
385              0              0    2.33497e-08
386              0              0    2.36956e-08
387              0              0    2.28379e-08
388              0              0    2.30779e-08
389              0              0    2.26544e-08
390              0              0    2.18224e-08
391              0              0    2.02823e-08
392              0              0     2.0549e-08
393              0              0     2.0742e-08
394              0              0    2.16757e-08
395              0              0    2.13878e-08
396              0              0    2.26579e-08
397              0              0    2.08402e-08
398              0              0    2.13785e-08
399              0              0    2.20567e-08
