x_index        y_index        z_index      Dose (Gy)
0              0              0    2.56101e-06
1              0              0    2.61781e-06
2              0              0    2.63438e-06
3              0              0     2.6278e-06
4              0              0    2.64149e-06
5              0              0    2.64217e-06
6              0              0    2.66702e-06
7              0              0    2.67213e-06
8              0              0     2.6711e-06
9              0              0     2.6827e-06
10              0              0    2.69018e-06
11              0              0    2.68561e-06
12              0              0    2.70172e-06
13              0              0    2.70657e-06
14              0              0    2.71831e-06
15              0              0    2.72701e-06
16              0              0     2.7366e-06
17              0              0    2.73571e-06
18              0              0    2.75938e-06
19              0              0    2.78182e-06
20              0              0    2.78411e-06
21              0              0    2.79591e-06
22              0              0    2.80525e-06
23              0              0    2.81319e-06
24              0              0    2.81629e-06
25              0              0    2.81941e-06
26              0              0    2.82424e-06
27              0              0    2.84947e-06
28              0              0    2.85448e-06
29              0              0    2.87094e-06
30              0              0    2.88767e-06
31              0              0    2.89886e-06
32              0              0    2.90942e-06
33              0              0    2.92376e-06
34              0              0    2.93988e-06
35              0              0    2.94187e-06
36              0              0    2.96077e-06
37              0              0    2.96769e-06
38              0              0    2.99244e-06
39              0              0    3.01311e-06
40              0              0    3.02265e-06
41              0              0    3.05086e-06
42              0              0       3.07e-06
43              0              0    3.08407e-06
44              0              0    3.09967e-06
45              0              0    3.11894e-06
46              0              0    3.15015e-06
47              0              0    3.17818e-06
48              0              0    3.19196e-06
49              0              0     3.2136e-06
50              0              0    3.24458e-06
51              0              0    3.26392e-06
52              0              0    3.28571e-06
53              0              0     3.3203e-06
54              0              0    3.34346e-06
55              0              0      3.388e-06
56              0              0    3.41605e-06
57              0              0    3.45122e-06
58              0              0    3.49364e-06
59              0              0    3.53878e-06
60              0              0     3.5911e-06
61              0              0    3.62065e-06
62              0              0    3.67022e-06
63              0              0    3.73191e-06
64              0              0    3.76593e-06
65              0              0     3.8486e-06
66              0              0    3.89799e-06
67              0              0     3.9691e-06
68              0              0    4.02386e-06
69              0              0    4.11049e-06
70              0              0    4.18982e-06
71              0              0    4.29242e-06
72              0              0    4.38929e-06
73              0              0    4.49925e-06
74              0              0    4.60824e-06
75              0              0    4.76729e-06
76              0              0    4.92337e-06
77              0              0     5.1149e-06
78              0              0    5.30941e-06
79              0              0     5.5296e-06
80              0              0    5.80631e-06
81              0              0    6.14464e-06
82              0              0    6.59954e-06
83              0              0     7.1777e-06
84              0              0    7.98943e-06
85              0              0    9.39213e-06
86              0              0    1.35036e-05
87              0              0    1.20203e-05
88              0              0    8.09516e-07
89              0              0    7.02136e-07
90              0              0    6.47985e-07
91              0              0    6.23141e-07
92              0              0    6.16513e-07
93              0              0    6.09229e-07
94              0              0    5.89859e-07
95              0              0     5.7194e-07
96              0              0    5.61107e-07
97              0              0    5.45891e-07
98              0              0    5.36152e-07
99              0              0    5.15472e-07
100              0              0     4.9656e-07
101              0              0    4.77938e-07
102              0              0    4.71761e-07
103              0              0    4.53831e-07
104              0              0    4.44642e-07
105              0              0    4.35284e-07
106              0              0    3.97053e-07
107              0              0    3.89953e-07
108              0              0    3.81685e-07
109              0              0    3.67882e-07
110              0              0    3.68533e-07
111              0              0    3.63572e-07
112              0              0    3.41179e-07
113              0              0    3.31878e-07
114              0              0    3.26381e-07
115              0              0    3.28411e-07
116              0              0    3.19919e-07
117              0              0    3.18554e-07
118              0              0    3.13868e-07
119              0              0    3.08403e-07
120              0              0    2.99853e-07
121              0              0    3.02706e-07
122              0              0    2.92662e-07
123              0              0    2.93949e-07
124              0              0    2.91294e-07
125              0              0    2.88534e-07
126              0              0    2.81198e-07
127              0              0    2.80567e-07
128              0              0     2.7537e-07
129              0              0    2.71766e-07
130              0              0    2.69993e-07
131              0              0    2.71831e-07
132              0              0    2.65835e-07
133              0              0    2.66537e-07
134              0              0    2.61676e-07
135              0              0     2.5052e-07
136              0              0    2.47952e-07
137              0              0     2.4493e-07
138              0              0    2.43544e-07
139              0              0    2.43528e-07
140              0              0    2.43859e-07
141              0              0      2.371e-07
142              0              0    2.33909e-07
143              0              0    2.30336e-07
144              0              0    2.26283e-07
145              0              0    2.24751e-07
146              0              0    2.21551e-07
147              0              0    2.16926e-07
148              0              0    2.14894e-07
149              0              0    2.13189e-07
150              0              0    2.11755e-07
151              0              0    2.05129e-07
152              0              0    2.02993e-07
153              0              0    1.99766e-07
154              0              0    1.95807e-07
155              0              0    1.94652e-07
156              0              0    1.95307e-07
157              0              0    1.94344e-07
158              0              0    1.95724e-07
159              0              0    1.95621e-07
160              0              0    1.86703e-07
161              0              0    1.84113e-07
162              0              0    1.78734e-07
163              0              0     1.7829e-07
164              0              0    1.72768e-07
165              0              0    1.71004e-07
166              0              0    1.71424e-07
167              0              0     1.6971e-07
168              0              0    1.68925e-07
169              0              0    1.61984e-07
170              0              0    1.61497e-07
171              0              0    1.63311e-07
172              0              0    1.61717e-07
173              0              0      1.595e-07
174              0              0    1.53674e-07
175              0              0    1.51007e-07
176              0              0    1.47282e-07
177              0              0    1.46422e-07
178              0              0    1.44758e-07
179              0              0    1.41815e-07
180              0              0     1.3656e-07
181              0              0    1.34964e-07
182              0              0    1.33784e-07
183              0              0    1.33249e-07
184              0              0    1.29932e-07
185              0              0    1.31284e-07
186              0              0    1.30515e-07
187              0              0    1.23624e-07
188              0              0    1.17219e-07
189              0              0    1.21191e-07
190              0              0    1.21066e-07
191              0              0    1.19128e-07
192              0              0    1.13441e-07
193              0              0    1.12892e-07
194              0              0    1.09115e-07
195              0              0    1.08014e-07
196              0              0     1.0645e-07
197              0              0    1.05321e-07
198              0              0    1.01906e-07
199              0              0    9.97834e-08
200              0              0    9.85981e-08
201              0              0    9.61668e-08
202              0              0    9.64766e-08
203              0              0    9.41573e-08
204              0              0     9.2277e-08
205              0              0    9.25142e-08
206              0              0    9.06411e-08
207              0              0    9.06829e-08
208              0              0    8.92299e-08
209              0              0     8.7726e-08
210              0              0    8.71134e-08
211              0              0    8.51478e-08
212              0              0    8.36327e-08
213              0              0    8.11068e-08
214              0              0    7.95074e-08
215              0              0    8.08538e-08
216              0              0    7.66363e-08
217              0              0     7.6473e-08
218              0              0    7.44786e-08
219              0              0     7.3081e-08
220              0              0    7.25522e-08
221              0              0    7.00678e-08
222              0              0    6.65056e-08
223              0              0    6.59899e-08
224              0              0    6.52638e-08
225              0              0    6.15967e-08
226              0              0    5.86897e-08
227              0              0     5.9466e-08
228              0              0    5.79707e-08
229              0              0    5.73547e-08
230              0              0    5.68377e-08
231              0              0    5.52579e-08
232              0              0    5.27384e-08
233              0              0     5.3651e-08
234              0              0    5.12245e-08
235              0              0    5.03651e-08
236              0              0    5.10574e-08
237              0              0    4.69286e-08
238              0              0     4.7848e-08
239              0              0     4.2923e-08
240              0              0    4.26856e-08
241              0              0     4.2665e-08
242              0              0    3.89435e-08
243              0              0    3.90199e-08
244              0              0     3.7595e-08
245              0              0    3.71236e-08
246              0              0    3.75812e-08
247              0              0    3.72153e-08
248              0              0    3.60936e-08
249              0              0    3.74047e-08
250              0              0    3.86386e-08
251              0              0    3.64541e-08
252              0              0    3.40568e-08
253              0              0    3.30349e-08
254              0              0    3.07192e-08
255              0              0    3.20838e-08
256              0              0    2.63728e-08
257              0              0    2.80365e-08
258              0              0    2.88662e-08
259              0              0    2.87747e-08
260              0              0    2.67123e-08
261              0              0    2.57002e-08
262              0              0     2.3691e-08
263              0              0    2.47732e-08
264              0              0    2.45865e-08
265              0              0    2.35889e-08
266              0              0     2.1873e-08
267              0              0    2.14467e-08
268              0              0      2.311e-08
269              0              0    2.04441e-08
270              0              0    2.13945e-08
271              0              0    2.06675e-08
272              0              0    2.06947e-08
273              0              0    1.88988e-08
274              0              0    1.96941e-08
275              0              0    2.12431e-08
276              0              0    2.00771e-08
277              0              0    2.07151e-08
278              0              0    1.92103e-08
279              0              0    1.82642e-08
280              0              0    1.75796e-08
281              0              0    1.82115e-08
282              0              0      1.826e-08
283              0              0    1.75969e-08
284              0              0    1.66669e-08
285              0              0    1.68537e-08
286              0              0    1.47194e-08
287              0              0    1.52296e-08
288              0              0    1.42817e-08
289              0              0    1.41348e-08
290              0              0    1.46689e-08
291              0              0    1.33768e-08
292              0              0    1.38683e-08
293              0              0    1.29252e-08
294              0              0    1.31113e-08
295              0              0    1.32384e-08
296              0              0    1.29339e-08
297              0              0    1.39728e-08
298              0              0     1.2792e-08
299              0              0    1.28829e-08
300              0              0     1.2543e-08
301              0              0    1.18391e-08
302              0              0    1.16746e-08
303              0              0    1.21616e-08
304              0              0    1.19287e-08
305              0              0    1.24244e-08
306              0              0     1.0544e-08
307              0              0     1.1659e-08
308              0              0    1.16603e-08
309              0              0    1.02557e-08
310              0              0     1.0642e-08
311              0              0    1.03497e-08
312              0              0    1.07694e-08
313              0              0    9.50199e-09
314              0              0    9.36711e-09
315              0              0    9.48862e-09
316              0              0    9.70969e-09
317              0              0    9.29718e-09
318              0              0    8.93058e-09
319              0              0    8.56771e-09
320              0              0     8.0249e-09
321              0              0    7.94534e-09
322              0              0    7.81036e-09
323              0              0    7.38549e-09
324              0              0    7.71169e-09
325              0              0    7.56873e-09
326              0              0    6.99633e-09
327              0              0    7.69362e-09
328              0              0     8.7285e-09
329              0              0    8.21396e-09
330              0              0    6.67942e-09
331              0              0    7.98252e-09
332              0              0    7.35649e-09
333              0              0    7.47779e-09
334              0              0    7.35492e-09
335              0              0    6.85181e-09
336              0              0    6.07113e-09
337              0              0    6.51985e-09
338              0              0    6.79605e-09
339              0              0    6.09849e-09
340              0              0    5.81703e-09
341              0              0    5.79203e-09
342              0              0    5.44703e-09
343              0              0     5.1079e-09
344              0              0    5.29875e-09
345              0              0     5.5421e-09
346              0              0    5.41757e-09
347              0              0    5.91611e-09
348              0              0    5.24157e-09
349              0              0    5.30109e-09
350              0              0    5.34677e-09
351              0              0    5.34576e-09
352              0              0    5.43732e-09
353              0              0    5.39997e-09
354              0              0    5.57079e-09
355              0              0    5.22235e-09
356              0              0    4.87352e-09
357              0              0    5.70732e-09
358              0              0    4.94075e-09
359              0              0    4.16882e-09
360              0              0    4.70134e-09
361              0              0    4.48414e-09
362              0              0    3.98101e-09
363              0              0    3.80126e-09
364              0              0    3.78173e-09
365              0              0    3.26169e-09
366              0              0    3.64804e-09
367              0              0    3.32787e-09
368              0              0    3.45806e-09
369              0              0    3.97564e-09
370              0              0    4.58497e-09
371              0              0     4.0122e-09
372              0              0    5.20127e-09
373              0              0    4.06544e-09
374              0              0    3.46395e-09
375              0              0    3.69552e-09
376              0              0    3.45581e-09
377              0              0    3.75621e-09
378              0              0    3.15139e-09
379              0              0    3.48354e-09
380              0              0    2.69473e-09
381              0              0    2.75211e-09
382              0              0    3.29316e-09
383              0              0    2.85079e-09
384              0              0    2.82344e-09
385              0              0    3.15382e-09
386              0              0    3.25019e-09
387              0              0     3.1475e-09
388              0              0    3.03695e-09
389              0              0    4.12362e-09
390              0              0    4.57838e-09
391              0              0    3.15802e-09
392              0              0    2.57784e-09
393              0              0    2.60572e-09
394              0              0    2.56462e-09
395              0              0    3.20008e-09
396              0              0    3.52164e-09
397              0              0      2.955e-09
398              0              0    2.95514e-09
399              0              0    2.65907e-09
